Welcome to the Norbert's ROOT session 
processing 0.00 <= centrality < 20.00
ptl0 = 0.00
ptl1 = 0.50
ptl2 = 1.00
ptl3 = 1.50
ptl4 = 2.00
ptl5 = 2.50
ptl6 = 3.00
ptl7 = 3.50
ptl8 = 4.00
ptl9 = 4.50
ptl10 = 5.00
ptl11 = 5.50
ptl12 = 6.00
ptl13 = 6.50
ptl14 = 7.00
ptl15 = 7.50
ptl16 = 8.00
ptl17 = 8.50
ptl18 = 9.00
ptl19 = 9.50
ptl20 = 10.00
ptl21 = 12.00
ptl22 = 14.00
ptl23 = 16.00
ptl24 = 18.00
ptl25 = 20.00
ptl26 = 22.00
ptl27 = 25.00
ptl28 = 30.00
pt bin 0 = 0.250000 
pt bin 1 = 0.750000 
pt bin 2 = 1.250000 
pt bin 3 = 1.750000 
pt bin 4 = 2.250000 
pt bin 5 = 2.750000 
pt bin 6 = 3.250000 
pt bin 7 = 3.750000 
pt bin 8 = 4.250000 
pt bin 9 = 4.750000 
pt bin 10 = 5.250000 
pt bin 11 = 5.750000 
pt bin 12 = 6.250000 
pt bin 13 = 6.750000 
pt bin 14 = 7.250000 
pt bin 15 = 7.750000 
pt bin 16 = 8.250000 
pt bin 17 = 8.750000 
pt bin 18 = 9.250000 
pt bin 19 = 9.750000 
pt bin 20 = 11.000000 
pt bin 21 = 13.000000 
pt bin 22 = 15.000000 
pt bin 23 = 17.000000 
pt bin 24 = 19.000000 
pt bin 25 = 21.000000 
pt bin 26 = 23.500000 
pt bin 27 = 27.500000 
/home/phnxbld/PHENIX/new/source/offline/packages/emc/mEmcGeometryModule.C:65: EMCGEOFLAG set: now you are able switch between the new geomerty and old geometry.
Use new geometry setting -- reference: phnx.par (after 2002)
<I> mEmcGeometryModule: PISA Geometry Initialized
Inside timing DeadMAp0/22263701
100000/22263701
200000/22263701
300000/22263701
400000/22263701
500000/22263701
600000/22263701
700000/22263701
800000/22263701
900000/22263701
1000000/22263701
1100000/22263701
1200000/22263701
1300000/22263701
1400000/22263701
1500000/22263701
1600000/22263701
1700000/22263701
1800000/22263701
1900000/22263701
2000000/22263701
2100000/22263701
2200000/22263701
2300000/22263701
2400000/22263701
2500000/22263701
2600000/22263701
2700000/22263701
2800000/22263701
2900000/22263701
3000000/22263701
3100000/22263701
3200000/22263701
3300000/22263701
3400000/22263701
3500000/22263701
3600000/22263701
3700000/22263701
3800000/22263701
3900000/22263701
4000000/22263701
4100000/22263701
4200000/22263701
4300000/22263701
4400000/22263701
4500000/22263701
4600000/22263701
4700000/22263701
4800000/22263701
4900000/22263701
5000000/22263701
5100000/22263701
5200000/22263701
5300000/22263701
5400000/22263701
5500000/22263701
5600000/22263701
5700000/22263701
5800000/22263701
5900000/22263701
6000000/22263701
6100000/22263701
6200000/22263701
6300000/22263701
6400000/22263701
6500000/22263701
6600000/22263701
6700000/22263701
6800000/22263701
6900000/22263701
7000000/22263701
7100000/22263701
7200000/22263701
7300000/22263701
7400000/22263701
7500000/22263701
7600000/22263701
7700000/22263701
7800000/22263701
7900000/22263701
8000000/22263701
8100000/22263701
8200000/22263701
8300000/22263701
8400000/22263701
8500000/22263701
8600000/22263701
8700000/22263701
8800000/22263701
8900000/22263701
9000000/22263701
9100000/22263701
9200000/22263701
9300000/22263701
9400000/22263701
9500000/22263701
9600000/22263701
9700000/22263701
9800000/22263701
9900000/22263701
10000000/22263701
10100000/22263701
10200000/22263701
10300000/22263701
10400000/22263701
10500000/22263701
10600000/22263701
10700000/22263701
10800000/22263701
10900000/22263701
11000000/22263701
11100000/22263701
11200000/22263701
11300000/22263701
11400000/22263701
11500000/22263701
11600000/22263701
11700000/22263701
11800000/22263701
11900000/22263701
12000000/22263701
12100000/22263701
12200000/22263701
12300000/22263701
12400000/22263701
12500000/22263701
12600000/22263701
12700000/22263701
12800000/22263701
12900000/22263701
13000000/22263701
13100000/22263701
13200000/22263701
13300000/22263701
13400000/22263701
13500000/22263701
13600000/22263701
13700000/22263701
13800000/22263701
13900000/22263701
14000000/22263701
14100000/22263701
14200000/22263701
14300000/22263701
14400000/22263701
14500000/22263701
14600000/22263701
14700000/22263701
14800000/22263701
14900000/22263701
15000000/22263701
15100000/22263701
15200000/22263701
15300000/22263701
15400000/22263701
15500000/22263701
15600000/22263701
15700000/22263701
15800000/22263701
15900000/22263701
16000000/22263701
16100000/22263701
16200000/22263701
16300000/22263701
16400000/22263701
16500000/22263701
16600000/22263701
16700000/22263701
16800000/22263701
16900000/22263701
17000000/22263701
17100000/22263701
17200000/22263701
17300000/22263701
17400000/22263701
17500000/22263701
17600000/22263701
17700000/22263701
17800000/22263701
17900000/22263701
18000000/22263701
18100000/22263701
18200000/22263701
18300000/22263701
18400000/22263701
18500000/22263701
18600000/22263701
18700000/22263701
18800000/22263701
18900000/22263701
19000000/22263701
19100000/22263701
19200000/22263701
19300000/22263701
19400000/22263701
19500000/22263701
19600000/22263701
19700000/22263701
19800000/22263701
19900000/22263701
20000000/22263701
20100000/22263701
20200000/22263701
20300000/22263701
20400000/22263701
20500000/22263701
20600000/22263701
20700000/22263701
20800000/22263701
20900000/22263701
21000000/22263701
21100000/22263701
21200000/22263701
21300000/22263701
21400000/22263701
21500000/22263701
21600000/22263701
21700000/22263701
21800000/22263701
21900000/22263701
22000000/22263701
22100000/22263701
22200000/22263701
Norm. factor CC0 = 1+292778/561944 = 1.521009
Norm. factor CC1 = 1+299632/574333 = 1.521704
Norm. factor CC2 = 1+294264/566126 = 1.519785
Norm. factor CC3 = 1+405629/781950 = 1.518740
Norm. factor CC4 = 1+1292303/2484353 = 1.520177
Thank you for using Norbert's root session
Have a beer
