Welcome to the Norbert's ROOT session 
processing 0.00 <= centrality < 20.00
ptl0 = 0.00
ptl1 = 0.50
ptl2 = 1.00
ptl3 = 1.50
ptl4 = 2.00
ptl5 = 2.50
ptl6 = 3.00
ptl7 = 3.50
ptl8 = 4.00
ptl9 = 4.50
ptl10 = 5.00
ptl11 = 5.50
ptl12 = 6.00
ptl13 = 6.50
ptl14 = 7.00
ptl15 = 7.50
ptl16 = 8.00
ptl17 = 8.50
ptl18 = 9.00
ptl19 = 9.50
ptl20 = 10.00
ptl21 = 12.00
ptl22 = 14.00
ptl23 = 16.00
ptl24 = 18.00
ptl25 = 20.00
ptl26 = 22.00
ptl27 = 25.00
ptl28 = 30.00
pt bin 0 = 0.250000 
pt bin 1 = 0.750000 
pt bin 2 = 1.250000 
pt bin 3 = 1.750000 
pt bin 4 = 2.250000 
pt bin 5 = 2.750000 
pt bin 6 = 3.250000 
pt bin 7 = 3.750000 
pt bin 8 = 4.250000 
pt bin 9 = 4.750000 
pt bin 10 = 5.250000 
pt bin 11 = 5.750000 
pt bin 12 = 6.250000 
pt bin 13 = 6.750000 
pt bin 14 = 7.250000 
pt bin 15 = 7.750000 
pt bin 16 = 8.250000 
pt bin 17 = 8.750000 
pt bin 18 = 9.250000 
pt bin 19 = 9.750000 
pt bin 20 = 11.000000 
pt bin 21 = 13.000000 
pt bin 22 = 15.000000 
pt bin 23 = 17.000000 
pt bin 24 = 19.000000 
pt bin 25 = 21.000000 
pt bin 26 = 23.500000 
pt bin 27 = 27.500000 
/home/phnxbld/PHENIX/new/source/offline/packages/emc/mEmcGeometryModule.C:65: EMCGEOFLAG set: now you are able switch between the new geomerty and old geometry.
Use new geometry setting -- reference: phnx.par (after 2002)
<I> mEmcGeometryModule: PISA Geometry Initialized
Inside timing DeadMAp0/23023813
100000/23023813
200000/23023813
300000/23023813
400000/23023813
500000/23023813
600000/23023813
700000/23023813
800000/23023813
900000/23023813
1000000/23023813
1100000/23023813
1200000/23023813
1300000/23023813
1400000/23023813
1500000/23023813
1600000/23023813
1700000/23023813
1800000/23023813
1900000/23023813
2000000/23023813
2100000/23023813
2200000/23023813
2300000/23023813
2400000/23023813
2500000/23023813
2600000/23023813
2700000/23023813
2800000/23023813
2900000/23023813
3000000/23023813
3100000/23023813
3200000/23023813
3300000/23023813
3400000/23023813
3500000/23023813
3600000/23023813
3700000/23023813
3800000/23023813
3900000/23023813
4000000/23023813
4100000/23023813
4200000/23023813
4300000/23023813
4400000/23023813
4500000/23023813
4600000/23023813
4700000/23023813
4800000/23023813
4900000/23023813
5000000/23023813
5100000/23023813
5200000/23023813
5300000/23023813
5400000/23023813
5500000/23023813
5600000/23023813
5700000/23023813
5800000/23023813
5900000/23023813
6000000/23023813
6100000/23023813
6200000/23023813
6300000/23023813
6400000/23023813
6500000/23023813
6600000/23023813
6700000/23023813
6800000/23023813
6900000/23023813
7000000/23023813
7100000/23023813
7200000/23023813
7300000/23023813
7400000/23023813
7500000/23023813
7600000/23023813
7700000/23023813
7800000/23023813
7900000/23023813
8000000/23023813
8100000/23023813
8200000/23023813
8300000/23023813
8400000/23023813
8500000/23023813
8600000/23023813
8700000/23023813
8800000/23023813
8900000/23023813
9000000/23023813
9100000/23023813
9200000/23023813
9300000/23023813
9400000/23023813
9500000/23023813
9600000/23023813
9700000/23023813
9800000/23023813
9900000/23023813
10000000/23023813
10100000/23023813
10200000/23023813
10300000/23023813
10400000/23023813
10500000/23023813
10600000/23023813
10700000/23023813
10800000/23023813
10900000/23023813
11000000/23023813
11100000/23023813
11200000/23023813
11300000/23023813
11400000/23023813
11500000/23023813
11600000/23023813
11700000/23023813
11800000/23023813
11900000/23023813
12000000/23023813
12100000/23023813
12200000/23023813
12300000/23023813
12400000/23023813
12500000/23023813
12600000/23023813
12700000/23023813
12800000/23023813
12900000/23023813
13000000/23023813
13100000/23023813
13200000/23023813
13300000/23023813
13400000/23023813
13500000/23023813
13600000/23023813
13700000/23023813
13800000/23023813
13900000/23023813
14000000/23023813
14100000/23023813
14200000/23023813
14300000/23023813
14400000/23023813
14500000/23023813
14600000/23023813
14700000/23023813
14800000/23023813
14900000/23023813
15000000/23023813
15100000/23023813
15200000/23023813
15300000/23023813
15400000/23023813
15500000/23023813
15600000/23023813
15700000/23023813
15800000/23023813
15900000/23023813
16000000/23023813
16100000/23023813
16200000/23023813
16300000/23023813
16400000/23023813
16500000/23023813
16600000/23023813
16700000/23023813
16800000/23023813
16900000/23023813
17000000/23023813
17100000/23023813
17200000/23023813
17300000/23023813
17400000/23023813
17500000/23023813
17600000/23023813
17700000/23023813
17800000/23023813
17900000/23023813
18000000/23023813
18100000/23023813
18200000/23023813
18300000/23023813
18400000/23023813
18500000/23023813
18600000/23023813
18700000/23023813
18800000/23023813
18900000/23023813
19000000/23023813
19100000/23023813
19200000/23023813
19300000/23023813
19400000/23023813
19500000/23023813
19600000/23023813
19700000/23023813
19800000/23023813
19900000/23023813
20000000/23023813
20100000/23023813
20200000/23023813
20300000/23023813
20400000/23023813
20500000/23023813
20600000/23023813
20700000/23023813
20800000/23023813
20900000/23023813
21000000/23023813
21100000/23023813
21200000/23023813
21300000/23023813
21400000/23023813
21500000/23023813
21600000/23023813
21700000/23023813
21800000/23023813
21900000/23023813
22000000/23023813
22100000/23023813
22200000/23023813
22300000/23023813
22400000/23023813
22500000/23023813
22600000/23023813
22700000/23023813
22800000/23023813
22900000/23023813
23000000/23023813
Norm. factor CC0 = 1+301792/577985 = 1.522145
Norm. factor CC1 = 1+308017/591909 = 1.520379
Norm. factor CC2 = 1+302534/582145 = 1.519688
Norm. factor CC3 = 1+417196/803762 = 1.519054
Norm. factor CC4 = 1+1329539/2555801 = 1.520204
Thank you for using Norbert's root session
Have a beer
